[debug] [2025-04-10T21:36:52.887Z] ----------------------------------------------------------------------
[debug] [2025-04-10T21:36:52.890Z] Command:       /nix/store/ixbb20farqh1f4fqbmsn6b1ixn8mc8ij-nodejs-20.18.1/bin/node /nix/store/b9a1wqzb1vkh5xd2mrp196csvbgv8j13-firebase-tools-14.0.1/lib/node_modules/firebase-tools/lib/bin/firebase.js login --no-localhost
[debug] [2025-04-10T21:36:52.891Z] CLI Version:   14.0.1
[debug] [2025-04-10T21:36:52.891Z] Platform:      linux
[debug] [2025-04-10T21:36:52.891Z] Node Version:  v20.18.1
[debug] [2025-04-10T21:36:52.891Z] Time:          Thu Apr 10 2025 21:36:52 GMT+0000 (Coordinated Universal Time)
[debug] [2025-04-10T21:36:52.891Z] ----------------------------------------------------------------------
[debug] 
[debug] [2025-04-10T21:36:52.896Z] >>> [apiv2][query] GET https://firebase-public.firebaseio.com/cli.json [none]
[info] i  Firebase optionally collects CLI and Emulator Suite usage and error reporting information to help improve our products. Data is collected in accordance with Google's privacy policy (https://policies.google.com/privacy) and is not used to identify you.
 
[debug] [2025-04-10T21:36:54.139Z] <<< [apiv2][status] GET https://firebase-public.firebaseio.com/cli.json 200
[debug] [2025-04-10T21:36:54.140Z] <<< [apiv2][body] GET https://firebase-public.firebaseio.com/cli.json {"cloudBuildErrorAfter":1594252800000,"cloudBuildWarnAfter":1590019200000,"defaultNode10After":1594252800000,"minVersion":"3.0.5","node8DeploysDisabledAfter":1613390400000,"node8RuntimeDisabledAfter":1615809600000,"node8WarnAfter":1600128000000}
[info] i  To change your data collection preference at any time, run `firebase logout` and log in again. 
[debug] [2025-04-10T21:37:41.268Z] >>> [apiv2][query] POST https://auth.firebase.tools/attest [none]
[debug] [2025-04-10T21:37:41.270Z] >>> [apiv2][body] POST https://auth.firebase.tools/attest {"session_id":"512bef70-0f59-4d82-99cb-963cbe8291ef"}
[debug] [2025-04-10T21:37:41.656Z] <<< [apiv2][status] POST https://auth.firebase.tools/attest 200
[debug] [2025-04-10T21:37:41.656Z] <<< [apiv2][body] POST https://auth.firebase.tools/attest {"token":"G5GtIarCKq2BRe62XzlPQdYnlIU2Ws_YQvHqQFkztJA"}
[info] 
[info] To sign in to the Firebase CLI:
[info] 
[info] 1. Take note of your session ID:
[info] 
[info]    512BE
[info] 
[info] 2. Visit the URL below on any device and follow the instructions to get your code:
[info] 
[info]    https://auth.firebase.tools/login?code_challenge=ORXOoyDUJbUbErcFgmTAYs8ijukc0WuzLDVkTB18kO4&session=512bef70-0f59-4d82-99cb-963cbe8291ef&attest=G5GtIarCKq2BRe62XzlPQdYnlIU2Ws_YQvHqQFkztJA
[info] 
[info] 3. Paste or enter the authorization code below once you have it:
[info] 
